2023-03-08 00:48:50.163 [info] Reading sessions from keychain...
2023-03-08 00:48:50.163 [info] Getting sessions for user:email...
2023-03-08 00:48:50.163 [info] Got 0 sessions for user:email...
2023-03-08 00:48:50.198 [info] Getting sessions for all scopes...
2023-03-08 00:48:50.198 [info] Got 0 sessions for ...
2023-03-08 00:48:50.587 [info] Getting sessions for all scopes...
2023-03-08 00:48:50.587 [info] Got 0 sessions for ...
2023-03-08 00:48:50.668 [info] Getting sessions for read:user...
2023-03-08 00:48:50.669 [info] Got 0 sessions for read:user...
2023-03-08 00:48:50.683 [info] Getting sessions for read:user,repo,user:email,workflow...
2023-03-08 00:48:50.683 [info] Got 0 sessions for read:user,repo,user:email,workflow...
2023-03-08 00:48:50.687 [info] Getting sessions for user:email...
2023-03-08 00:48:50.687 [info] Got 0 sessions for user:email...
2023-03-08 00:48:50.722 [info] Getting sessions for read:user,repo,user:email...
2023-03-08 00:48:50.722 [info] Got 0 sessions for read:user,repo,user:email...
2023-03-08 00:49:12.083 [info] Getting sessions for read:user...
2023-03-08 00:49:12.083 [info] Got 0 sessions for read:user...
2023-03-08 00:49:12.083 [info] Getting sessions for user:email...
2023-03-08 00:49:12.083 [info] Got 0 sessions for user:email...
2023-03-08 00:49:13.633 [info] Logging in for the following scopes: user:email
2023-03-08 00:49:13.646 [info] Trying without local server... (user:email)
2023-03-08 00:49:28.487 [info] Exchanging code for token...
2023-03-08 00:49:29.409 [info] Token exchange success!
2023-03-08 00:49:29.411 [info] Getting user info...
2023-03-08 00:49:29.818 [info] Got account info!
2023-03-08 00:49:29.818 [info] Storing 1 sessions...
2023-03-08 00:49:30.406 [info] Getting user info...
2023-03-08 00:49:30.820 [info] Got account info!
2023-03-08 00:49:31.638 [info] Getting sessions for all scopes...
2023-03-08 00:49:31.638 [info] Got 1 sessions for ...
2023-03-08 00:49:34.422 [info] Logging in for the following scopes: user:email
2023-03-08 00:49:34.422 [info] Trying without local server... (user:email)
2023-03-08 00:49:36.034 [info] Exchanging code for token...
2023-03-08 00:49:36.940 [info] Token exchange success!
2023-03-08 00:49:36.941 [info] Getting user info...
2023-03-08 00:49:37.348 [info] Got account info!
2023-03-08 00:49:37.348 [info] Storing 1 sessions...
2023-03-08 00:49:40.954 [info] Getting sessions for all scopes...
2023-03-08 00:49:40.954 [info] Got 1 sessions for ...
2023-03-08 00:49:43.503 [info] Logging in for the following scopes: user:email
2023-03-08 00:49:43.504 [info] Trying without local server... (user:email)
2023-03-08 00:49:44.915 [info] Exchanging code for token...
2023-03-08 00:49:45.730 [info] Token exchange success!
2023-03-08 00:49:45.732 [info] Getting user info...
2023-03-08 00:49:46.156 [info] Got account info!
2023-03-08 00:49:46.156 [info] Storing 1 sessions...
2023-03-08 00:50:06.754 [info] Getting sessions for all scopes...
2023-03-08 00:50:06.754 [info] Got 1 sessions for ...
2023-03-08 00:50:10.761 [info] Getting sessions for user:email...
2023-03-08 00:50:10.762 [info] Got 1 sessions for user:email...
2023-03-08 00:50:11.587 [info] Getting sessions for user:email...
2023-03-08 00:50:11.587 [info] Got 1 sessions for user:email...
2023-03-08 00:50:13.627 [info] Getting sessions for all scopes...
2023-03-08 00:50:13.627 [info] Got 1 sessions for ...
2023-03-08 00:50:15.548 [info] Logging in for the following scopes: user:email
2023-03-08 00:50:15.550 [info] Trying without local server... (user:email)
2023-03-08 00:50:16.825 [info] Exchanging code for token...
2023-03-08 00:50:17.770 [info] Token exchange success!
2023-03-08 00:50:17.772 [info] Getting user info...
2023-03-08 00:50:18.176 [info] Got account info!
2023-03-08 00:50:18.176 [info] Storing 1 sessions...
