2023-03-08 01:58:11.779 [info] Added views:workbench.panel.markers.view in workbench.panel.markers
2023-03-08 01:58:11.779 [info] Added views:workbench.panel.output in workbench.panel.output
2023-03-08 01:58:11.779 [info] Added views:terminal in terminal
2023-03-08 01:58:11.779 [info] Added views:outline in workbench.view.explorer
2023-03-08 01:58:11.779 [info] Added views:workbench.scm in workbench.view.scm
2023-03-08 01:58:11.779 [info] Added views:workbench.view.search in workbench.view.search
2023-03-08 01:58:11.779 [info] Added views:timeline in workbench.view.explorer
2023-03-08 01:58:11.779 [info] Added views:workbench.explorer.emptyView in workbench.view.explorer
2023-03-08 01:58:11.938 [info] Added views:pr:github,issues:github in workbench.view.extension.github-pull-requests
2023-03-08 01:58:11.938 [info] Added views:dockerContainers,dockerImages,dockerRegistries,dockerNetworks,dockerVolumes,vscode-docker.views.dockerContexts,vscode-docker.views.help in workbench.view.extension.dockerView
2023-03-08 01:58:11.939 [info] Added views:cell-tag in workbench.view.explorer
2023-03-08 01:58:12.096 [info] Added views:workbench.debug.welcome in workbench.view.debug
2023-03-08 01:58:12.111 [info] Added views:workbench.panel.repl.view in workbench.panel.repl
2023-03-08 01:59:38.337 [info] Added views:workbench.views.extensions.installed,workbench.views.extensions.popular,extensions.recommendedList in workbench.view.extensions
2023-03-08 01:59:38.340 [info] Removed views:workbench.views.extensions.popular from workbench.view.extensions
2023-03-08 02:16:38.609 [info] Added views:workbench.panel.markers.view in workbench.panel.markers
2023-03-08 02:16:38.609 [info] Added views:workbench.panel.output in workbench.panel.output
2023-03-08 02:16:38.609 [info] Added views:terminal in terminal
2023-03-08 02:16:38.609 [info] Added views:outline in workbench.view.explorer
2023-03-08 02:16:38.609 [info] Added views:workbench.scm in workbench.view.scm
2023-03-08 02:16:38.609 [info] Added views:workbench.view.search in workbench.view.search
2023-03-08 02:16:38.609 [info] Added views:timeline in workbench.view.explorer
2023-03-08 02:16:38.609 [info] Added views:workbench.explorer.fileView in workbench.view.explorer
2023-03-08 02:16:38.767 [info] Added views:pr:github,issues:github in workbench.view.extension.github-pull-requests
2023-03-08 02:16:38.768 [info] Added views:dockerContainers,dockerImages,dockerRegistries,dockerNetworks,dockerVolumes,vscode-docker.views.dockerContexts,vscode-docker.views.help in workbench.view.extension.dockerView
2023-03-08 02:16:38.924 [info] Added views:workbench.debug.variablesView,workbench.debug.watchExpressionsView,workbench.debug.callStackView,workbench.debug.breakPointsView in workbench.view.debug
2023-03-08 02:16:38.940 [info] Added views:workbench.panel.repl.view in workbench.panel.repl
2023-03-08 02:16:38.941 [info] Removed views:workbench.debug.breakPointsView,workbench.debug.callStackView,workbench.debug.watchExpressionsView,workbench.debug.variablesView from workbench.view.debug
2023-03-08 02:16:38.942 [info] Added views:workbench.debug.welcome in workbench.view.debug
2023-03-08 02:16:42.844 [info] Added views:cell-tag in workbench.view.explorer
2023-03-08 02:16:43.180 [info] Added views:workbench.scm.repositories in workbench.view.scm
2023-03-08 02:16:43.248 [info] Added views:github:activePullRequest:welcome in workbench.view.extension.github-pull-request
2023-03-08 02:16:43.249 [info] Removed views:github:activePullRequest:welcome from workbench.view.extension.github-pull-request
2023-03-08 02:16:43.263 [info] Added views:workbench.panel.comments in workbench.panel.comments
2023-03-08 02:23:11.900 [info] Removed views:workbench.scm.repositories from workbench.view.scm
