2023-03-09 00:18:24.866 [info] Reading sessions from keychain...
2023-03-09 00:18:24.866 [info] Getting sessions for all scopes...
2023-03-09 00:18:24.866 [info] Getting sessions for user:email...
2023-03-09 00:18:24.866 [info] Got stored sessions!
2023-03-09 00:18:24.866 [info] Got 2 verified sessions.
2023-03-09 00:18:24.866 [info] Got 2 sessions for ...
2023-03-09 00:18:24.866 [info] Got 1 sessions for user:email...
2023-03-09 00:18:24.866 [info] Getting sessions for read:user...
2023-03-09 00:18:24.866 [info] Got 0 sessions for read:user...
2023-03-09 00:18:24.901 [info] Getting sessions for read:user,repo,user:email,workflow...
2023-03-09 00:18:24.901 [info] Got 0 sessions for read:user,repo,user:email,workflow...
2023-03-09 00:18:24.933 [info] Getting sessions for user:email...
2023-03-09 00:18:24.933 [info] Got 1 sessions for user:email...
2023-03-09 00:18:24.949 [info] Getting sessions for all scopes...
2023-03-09 00:18:24.949 [info] Got 2 sessions for ...
2023-03-09 00:18:24.950 [info] Getting sessions for read:user,repo,user:email...
2023-03-09 00:18:24.950 [info] Got 1 sessions for read:user,repo,user:email...
2023-03-09 00:18:36.075 [info] Getting user info...
2023-03-09 00:18:37.292 [info] Got account info!
2023-03-09 00:43:36.814 [info] Getting sessions for read:user...
2023-03-09 00:43:36.814 [info] Got 0 sessions for read:user...
2023-03-09 00:43:36.815 [info] Getting sessions for user:email...
2023-03-09 00:43:36.815 [info] Got 1 sessions for user:email...
2023-03-09 01:08:43.134 [info] Getting sessions for read:user...
2023-03-09 01:08:43.134 [info] Got 0 sessions for read:user...
2023-03-09 01:08:43.135 [info] Getting sessions for user:email...
2023-03-09 01:08:43.144 [info] Got 1 sessions for user:email...
2023-03-09 01:28:07.991 [info] Reading sessions from keychain...
2023-03-09 01:28:07.991 [info] Getting sessions for all scopes...
2023-03-09 01:28:07.991 [info] Got stored sessions!
2023-03-09 01:28:07.991 [info] Got 2 verified sessions.
2023-03-09 01:28:07.991 [info] Got 2 sessions for ...
2023-03-09 01:28:07.991 [info] Getting sessions for user:email...
2023-03-09 01:28:07.991 [info] Got 1 sessions for user:email...
2023-03-09 01:28:08.380 [info] Getting sessions for read:user...
2023-03-09 01:28:08.380 [info] Got 0 sessions for read:user...
2023-03-09 01:28:08.394 [info] Getting sessions for all scopes...
2023-03-09 01:28:08.394 [info] Got 2 sessions for ...
2023-03-09 01:28:08.396 [info] Getting sessions for read:user,repo,user:email,workflow...
2023-03-09 01:28:08.396 [info] Got 0 sessions for read:user,repo,user:email,workflow...
2023-03-09 01:28:08.428 [info] Getting sessions for user:email...
2023-03-09 01:28:08.429 [info] Got 1 sessions for user:email...
2023-03-09 01:28:08.440 [info] Getting sessions for read:user,repo,user:email...
2023-03-09 01:28:08.440 [info] Got 1 sessions for read:user,repo,user:email...
