2023-03-09 00:18:24.877 [warning] /home/araya/.ssh/config: ENOENT: no such file or directory, open '/home/araya/.ssh/config'
2023-03-09 00:18:24.971 [info] Looking for git repository
2023-03-09 00:18:24.971 [info] Found 0 repositories during activation
2023-03-09 00:18:24.971 [info] Git repository found, initializing review manager and pr tree view.
2023-03-09 00:18:24.973 [info] Registering git provider
2023-03-09 00:18:24.974 [info] Review> Validate state in progress
2023-03-09 00:18:24.974 [info] Review> Validating state...
2023-03-09 00:18:24.999 [info] Found GitHub remote for folder /home/araya/Repos/ateam-builders-website
2023-03-09 00:18:36.805 [info] Repo state for file:///home/araya/Repos/ateam-builders-website changed.
2023-03-09 00:18:36.805 [info] Repo file:///home/araya/Repos/ateam-builders-website has already been setup.
2023-03-09 00:18:36.807 [info] Review> no matching pull request metadata found for current branch main
2023-03-09 00:18:38.043 [info] Review> No matching pull request metadata found on GitHub for current branch main
2023-03-09 01:26:22.539 [info] Review> Validate state in progress
2023-03-09 01:26:22.539 [info] Review> Validating state...
2023-03-09 01:26:22.571 [info] Found GitHub remote for folder /home/araya/Repos/ateam-builders-website
2023-03-09 01:26:22.653 [info] Review> no matching pull request metadata found for current branch main
2023-03-09 01:26:24.006 [info] Review> No matching pull request metadata found on GitHub for current branch main
2023-03-09 01:26:31.864 [info] Review> Validate state in progress
2023-03-09 01:26:31.864 [info] Review> Validating state...
2023-03-09 01:26:31.868 [info] Found GitHub remote for folder /home/araya/Repos/ateam-builders-website
2023-03-09 01:26:32.001 [info] Review> no matching pull request metadata found for current branch main
2023-03-09 01:26:33.313 [info] Review> No matching pull request metadata found on GitHub for current branch main
2023-03-09 01:28:08.364 [warning] /home/araya/.ssh/config: ENOENT: no such file or directory, open '/home/araya/.ssh/config'
2023-03-09 01:28:08.457 [info] Looking for git repository
2023-03-09 01:28:08.457 [info] Found 0 repositories during activation
2023-03-09 01:28:08.457 [info] Git repository found, initializing review manager and pr tree view.
2023-03-09 01:28:08.458 [info] Registering git provider
