2023-03-08 05:31:00 Loading main app package /usr/lib/obsidian/obsidian.asar
2023-03-08 05:31:00 Checking for update using Github
2023-03-08 05:31:00 Success.
2023-03-08 05:31:00 Latest version is 1.1.16
2023-03-08 05:31:00 App is up to date.
2023-03-08 05:37:45 Loading main app package /usr/lib/obsidian/obsidian.asar
2023-03-08 05:37:45 Checking for update using Github
2023-03-08 05:37:46 Success.
2023-03-08 05:37:46 Latest version is 1.1.16
2023-03-08 05:37:46 App is up to date.
2023-03-09 01:06:02 Loading main app package /usr/lib/obsidian/obsidian.asar
2023-03-09 01:06:03 Checking for update using Github
2023-03-09 01:06:03 Success.
2023-03-09 01:06:03 Latest version is 1.1.16
2023-03-09 01:06:03 App is up to date.
2023-03-09 02:25:22 Loading main app package /usr/lib/obsidian/obsidian.asar
2023-03-09 02:25:22 Checking for update using Github
2023-03-09 02:25:23 Success.
2023-03-09 02:25:23 Latest version is 1.1.16
2023-03-09 02:25:23 App is up to date.
2023-03-09 02:33:27 Loading main app package /usr/lib/obsidian/obsidian.asar
2023-03-09 02:33:27 Checking for update using Github
2023-03-09 02:33:27 Success.
2023-03-09 02:33:27 Latest version is 1.1.16
2023-03-09 02:33:27 App is up to date.
2023-03-09 03:33:27 Checking for update using Github
2023-03-09 03:33:27 Success.
2023-03-09 03:33:27 Latest version is 1.1.16
2023-03-09 03:33:27 App is up to date.
2023-03-09 04:33:27 Checking for update using Github
2023-03-09 04:33:27 Success.
2023-03-09 04:33:27 Latest version is 1.1.16
2023-03-09 04:33:27 App is up to date.
2023-03-09 05:33:27 Checking for update using Github
2023-03-09 05:33:27 Success.
2023-03-09 05:33:27 Latest version is 1.1.16
2023-03-09 05:33:27 App is up to date.
2023-03-09 07:58:20 Loading main app package /usr/lib/obsidian/obsidian.asar
2023-03-09 07:58:20 Checking for update using Github
2023-03-09 07:58:20 Success.
2023-03-09 07:58:20 Latest version is 1.1.16
2023-03-09 07:58:20 App is up to date.
2023-03-09 20:59:02 Loading main app package /usr/lib/obsidian/obsidian.asar
2023-03-09 20:59:02 Checking for update using Github
2023-03-09 20:59:02 Success.
2023-03-09 20:59:02 Latest version is 1.1.16
2023-03-09 20:59:02 App is up to date.
2023-03-09 22:37:57 Loading main app package /usr/lib/obsidian/obsidian.asar
2023-03-09 22:37:57 Checking for update using Github
2023-03-09 22:37:57 Success.
2023-03-09 22:37:57 Latest version is 1.1.16
2023-03-09 22:37:57 App is up to date.
2023-03-09 22:38:18 Loading main app package /usr/lib/obsidian/obsidian.asar
2023-03-09 22:38:18 Checking for update using Github
2023-03-09 22:38:18 Success.
2023-03-09 22:38:18 Latest version is 1.1.16
2023-03-09 22:38:18 App is up to date.
2023-03-09 23:21:38 Loading main app package /usr/lib/obsidian/obsidian.asar
2023-03-09 23:21:38 Checking for update using Github
2023-03-09 23:21:38 Success.
2023-03-09 23:21:38 Latest version is 1.1.16
2023-03-09 23:21:38 App is up to date.
2023-03-10 00:16:58 Loading main app package /usr/lib/obsidian/obsidian.asar
2023-03-10 00:16:58 Checking for update using Github
2023-03-10 00:16:58 Success.
2023-03-10 00:16:58 Latest version is 1.1.16
2023-03-10 00:16:58 App is up to date.
2023-03-10 05:59:42 Loading main app package /usr/lib/obsidian/obsidian.asar
2023-03-10 05:59:42 Checking for update using Github
2023-03-10 05:59:42 Success.
2023-03-10 05:59:42 Latest version is 1.1.16
2023-03-10 05:59:42 App is up to date.
2023-03-10 06:37:55 Loading main app package /usr/lib/obsidian/obsidian.asar
2023-03-10 06:37:55 Checking for update using Github
2023-03-10 06:45:04 Loading main app package /usr/lib/obsidian/obsidian.asar
2023-03-10 06:45:05 Checking for update using Github
2023-03-10 06:45:05 Success.
2023-03-10 06:45:05 Latest version is 1.1.16
2023-03-10 06:45:05 App is up to date.
2023-03-13 06:17:49 Loading main app package /usr/lib/obsidian/obsidian.asar
2023-03-13 06:17:49 Checking for update using Github
2023-03-13 06:17:50 Success.
2023-03-13 06:17:50 Latest version is 1.1.16
2023-03-13 06:17:50 App is up to date.
