2023-03-09 00:18:24.300 [info] Starting worker process with pid 5810 (type: fileWatcher, window: 1).
2023-03-09 00:18:24.490 [info] Deleted from disk ms-python.vscode-pylance /home/araya/.vscode/extensions/ms-python.vscode-pylance-2023.3.10
2023-03-09 00:25:35.184 [info] Getting Manifest... ms-python.python
2023-03-09 00:25:35.191 [info] Installing extension: ms-python.python
2023-03-09 00:25:35.938 [info] Getting Manifest... ms-toolsai.jupyter
2023-03-09 00:25:36.449 [info] Getting Manifest... ms-toolsai.jupyter-keymap
2023-03-09 00:25:36.458 [info] Getting Manifest... ms-toolsai.jupyter-renderers
2023-03-09 00:25:36.465 [info] Getting Manifest... ms-toolsai.vscode-jupyter-cell-tags
2023-03-09 00:25:36.472 [info] Getting Manifest... ms-toolsai.vscode-jupyter-slideshow
2023-03-09 00:25:36.478 [info] Getting Manifest... ms-python.vscode-pylance
2023-03-09 00:25:36.881 [info] Installing extension: ms-toolsai.jupyter ms-python.python
2023-03-09 00:25:36.881 [info] Installing extension: ms-python.vscode-pylance ms-python.python
2023-03-09 00:25:49.861 [warning] Extension signature verification: ms-toolsai.jupyter. Verification status: UnknownError.
2023-03-09 00:25:50.120 [info] Extracted extension to /home/araya/.vscode/extensions/.647eda94-2051-490e-9215-19c3db139d64: ms-toolsai.jupyter
2023-03-09 00:25:50.126 [info] Renamed to /home/araya/.vscode/extensions/ms-toolsai.jupyter-2023.2.1000592019
2023-03-09 00:25:50.130 [info] Extracting extension completed. ms-toolsai.jupyter
2023-03-09 00:25:52.109 [warning] Extension signature verification: ms-python.python. Verification status: UnknownError.
2023-03-09 00:25:53.056 [info] Extracted extension to /home/araya/.vscode/extensions/.f0b3af68-1e3a-4b0c-9391-71e2f8eb7ea0: ms-python.python
2023-03-09 00:25:53.064 [info] Renamed to /home/araya/.vscode/extensions/ms-python.python-2023.4.0
2023-03-09 00:25:53.067 [info] Extracting extension completed. ms-python.python
2023-03-09 00:25:59.282 [warning] Extension signature verification: ms-python.vscode-pylance. Verification status: UnknownError.
2023-03-09 00:26:00.478 [info] Extracted extension to /home/araya/.vscode/extensions/.ddcac60c-6fc4-41b8-a71f-0643526c67e2: ms-python.vscode-pylance
2023-03-09 00:26:00.486 [info] Renamed to /home/araya/.vscode/extensions/ms-python.vscode-pylance-2023.3.20
2023-03-09 00:26:00.488 [info] Extracting extension completed. ms-python.vscode-pylance
2023-03-09 00:26:00.496 [info] Extension installed successfully: ms-toolsai.jupyter
2023-03-09 00:26:00.497 [info] Extension installed successfully: ms-python.python
2023-03-09 00:26:00.497 [info] Extension installed successfully: ms-python.vscode-pylance
2023-03-09 01:28:06.833 [info] Worker process with pid 5810 terminated normally (type: fileWatcher, window: 1).
2023-03-09 01:28:07.279 [info] Starting worker process with pid 30999 (type: fileWatcher, window: 1).
