2023-03-08 00:44:58.291 [info] Reading sessions from keychain...
2023-03-08 00:44:58.291 [info] Getting sessions for user:email...
2023-03-08 00:44:58.291 [info] Got 0 sessions for user:email...
2023-03-08 00:44:58.350 [info] Getting sessions for all scopes...
2023-03-08 00:44:58.350 [info] Got 0 sessions for ...
2023-03-08 00:45:02.462 [info] Getting sessions for all scopes...
2023-03-08 00:45:02.462 [info] Got 0 sessions for ...
2023-03-08 00:45:05.653 [info] Getting sessions for user:email...
2023-03-08 00:45:05.653 [info] Got 0 sessions for user:email...
2023-03-08 00:45:06.977 [info] Logging in for the following scopes: user:email
2023-03-08 00:45:06.978 [info] Trying without local server... (user:email)
2023-03-08 00:45:13.470 [info] Exchanging code for token...
2023-03-08 00:45:14.399 [info] Token exchange success!
2023-03-08 00:45:14.400 [info] Getting user info...
2023-03-08 00:45:14.846 [info] Got account info!
2023-03-08 00:45:14.847 [info] Storing 1 sessions...
2023-03-08 00:45:15.626 [info] Getting user info...
2023-03-08 00:45:15.990 [info] Got account info!
2023-03-08 00:45:23.207 [info] Getting sessions for all scopes...
2023-03-08 00:45:23.207 [info] Got 1 sessions for ...
2023-03-08 00:45:28.079 [info] Getting sessions for user:email...
2023-03-08 00:45:28.079 [info] Got 1 sessions for user:email...
2023-03-08 00:45:29.489 [info] Getting sessions for user:email...
2023-03-08 00:45:29.489 [info] Got 1 sessions for user:email...
2023-03-08 00:45:42.451 [info] Getting sessions for read:user...
2023-03-08 00:45:42.451 [info] Got 0 sessions for read:user...
2023-03-08 00:45:42.466 [info] Getting sessions for user:email...
2023-03-08 00:45:42.466 [info] Got 1 sessions for user:email...
2023-03-08 00:48:25.769 [info] Getting sessions for read:user,repo,user:email,workflow...
2023-03-08 00:48:25.769 [info] Got 0 sessions for read:user,repo,user:email,workflow...
2023-03-08 00:48:25.772 [info] Getting sessions for read:user,repo,user:email...
2023-03-08 00:48:25.772 [info] Got 0 sessions for read:user,repo,user:email...
