2023-03-08 00:48:49.735 [info] Using settings sync service https://vscode-sync.trafficmanager.net/
2023-03-08 00:48:49.735 [info] Auto Sync is disabled.
2023-03-08 00:48:49.774 [info] Deleting non existing profile from backup /home/araya/.config/Code/User/sync/extensions
2023-03-08 00:48:49.777 [info] Deleting non existing profile from backup /home/araya/.config/Code/User/sync/globalState
2023-03-08 00:48:49.783 [info] Deleting non existing profile from backup /home/araya/.config/Code/User/sync/keybindings
2023-03-08 00:48:49.784 [info] Deleting non existing profile from backup /home/araya/.config/Code/User/sync/settings
2023-03-08 00:48:49.786 [info] Deleting non existing profile from backup /home/araya/.config/Code/User/sync/snippets
2023-03-08 00:48:49.788 [info] Deleting non existing profile from backup /home/araya/.config/Code/User/sync/tasks
2023-03-08 00:50:11.599 [info] Sync started.
2023-03-08 00:50:12.067 [info] Did reset the local sync state.
2023-03-08 00:50:12.080 [info] Settings: Last sync resource does not exist locally.
2023-03-08 00:50:12.343 [info] Keybindings: Last sync resource does not exist locally.
2023-03-08 00:50:12.450 [info] Snippets: Last sync resource does not exist locally.
2023-03-08 00:50:12.559 [info] Tasks: Last sync resource does not exist locally.
2023-03-08 00:50:12.672 [info] GlobalState: Last sync resource does not exist locally.
2023-03-08 00:50:12.920 [info] Extensions: Migrating last sync user data. Resource does not exist.
2023-03-08 00:50:12.920 [info] Extensions: Last sync data state does not exist.
2023-03-08 00:50:13.149 [info] Profiles: Migrating last sync user data. Resource does not exist.
2023-03-08 00:50:13.150 [info] Profiles: Last sync data state does not exist.
2023-03-08 00:50:13.290 [info] Profiles: Migrating last sync user data. Resource does not exist.
2023-03-08 00:50:13.290 [info] Profiles: Last sync data state does not exist.
2023-03-08 00:50:13.293 [info] Settings: No changes found during synchronizing settings.
2023-03-08 00:50:13.297 [info] Keybindings: No changes found during synchronizing keybindings.
2023-03-08 00:50:13.300 [info] Snippets: No changes found during synchronizing snippets.
2023-03-08 00:50:13.302 [info] Tasks: No changes found during synchronizing tasks.
2023-03-08 00:50:13.820 [info] GlobalState: Updated remote ui state. Updated: workbench.activity.pinnedViewlets2,workbench.statusbar.hidden,workbench.welcomePage.walkthroughMetadata,javascript.1.lastSessionDate,javascript.1.sessionCount,typescript.1.lastSessionDate,typescript.1.sessionCount.
2023-03-08 00:50:13.828 [info] GlobalState: Updated last synchronized ui state
2023-03-08 00:50:14.932 [info] Extensions: Disabled extension vscjava.vscode-maven 0.40.4
2023-03-08 00:50:15.190 [info] Extensions: Migrating last sync user data. Resource does not exist.
2023-03-08 00:50:15.191 [info] Extensions: Last sync data state does not exist.
