[Info  - 12:26:02 AM] (8090) Pylance language server 2023.3.20 (pyright 93a4ef87) starting
[Info  - 12:26:02 AM] (8090) Server root directory: /home/araya/.vscode/extensions/ms-python.vscode-pylance-2023.3.20/dist
[Info  - 12:26:02 AM] (8090) Starting service instance "ateam-builders-website"
[Info  - 12:26:02 AM] (8090) No configuration file found.
[Info  - 12:26:02 AM] (8090) No pyproject.toml file found.
[Info  - 12:26:02 AM] (8090) Setting pythonPath for service "ateam-builders-website": "/bin/python"
[Warn  - 12:26:02 AM] (8090) stubPath /home/araya/Repos/ateam-builders-website/typings is not a valid directory.
[Info  - 12:26:02 AM] (8090) Assuming Python version 3.10
[Info  - 12:26:02 AM] (8090) Assuming Python platform Linux
[Info  - 12:26:02 AM] (8090) Searching for source files
[Info  - 12:26:02 AM] (8090) Auto-excluding /home/araya/Repos/ateam-builders-website/server/server/venv
[Info  - 12:26:02 AM] (8090) Found 6 source files
[Info  - 12:26:03 AM] (8090) Background analysis(1) root directory: /home/araya/.vscode/extensions/ms-python.vscode-pylance-2023.3.20/dist
[Info  - 12:26:03 AM] (8090) Background analysis(1) started
[Info  - 12:26:07 AM] (8090) Starting service instance "<default>"
[Info  - 12:26:07 AM] (8090) No pyproject.toml file found.
[Info  - 12:26:07 AM] (8090) Setting pythonPath for service "<default>": "/bin/python"
[Warn  - 12:26:07 AM] (8090) stubPath typings is not a valid directory.
[Info  - 12:26:07 AM] (8090) Assuming Python version 3.10
[Info  - 12:26:07 AM] (8090) Assuming Python platform Linux
[Info  - 12:26:07 AM] (8090) Searching for source files
[Info  - 12:26:07 AM] (8090) No source files found.
[Info  - 12:26:08 AM] (8090) Background analysis(2) root directory: /home/araya/.vscode/extensions/ms-python.vscode-pylance-2023.3.20/dist
[Info  - 12:26:08 AM] (8090) Background analysis(2) started
[Info  - 12:26:08 AM] (8090) Indexer background runner(3) root directory: /home/araya/.vscode/extensions/ms-python.vscode-pylance-2023.3.20/dist (index)
[Info  - 12:26:08 AM] (8090) Indexing(3) started
[Info  - 12:26:08 AM] (8090) scanned(3) 27 files over 1 exec env
[Info  - 12:26:08 AM] (8090) indexed(3) 10 files over 1 exec env
[Info  - 12:26:08 AM] (8090) Indexing finished(3).
[Info  - 12:26:25 AM] (8090) No configuration file found.
[Info  - 12:26:25 AM] (8090) No pyproject.toml file found.
[Info  - 12:26:25 AM] (8090) Setting pythonPath for service "ateam-builders-website": "/home/araya/Repos/ateam-builders-website/server/server/venv/bin/python"
[Warn  - 12:26:25 AM] (8090) stubPath /home/araya/Repos/ateam-builders-website/typings is not a valid directory.
[Info  - 12:26:25 AM] (8090) Assuming Python version 3.10
[Info  - 12:26:25 AM] (8090) Assuming Python platform Linux
[Info  - 12:26:25 AM] (8090) Searching for source files
[Info  - 12:26:25 AM] (8090) Auto-excluding /home/araya/Repos/ateam-builders-website/server/server/venv
[Info  - 12:26:25 AM] (8090) Found 6 source files
[Info  - 12:26:25 AM] (8090) No pyproject.toml file found.
[Info  - 12:26:25 AM] (8090) Setting pythonPath for service "<default>": "/home/araya/Repos/ateam-builders-website/server/server/venv/bin/python"
[Warn  - 12:26:25 AM] (8090) stubPath typings is not a valid directory.
[Info  - 12:26:26 AM] (8090) Assuming Python version 3.10
[Info  - 12:26:26 AM] (8090) Assuming Python platform Linux
[Info  - 12:26:26 AM] (8090) Searching for source files
[Info  - 12:26:26 AM] (8090) No source files found.
[Info  - 12:26:26 AM] (8090) Indexer background runner(4) root directory: /home/araya/.vscode/extensions/ms-python.vscode-pylance-2023.3.20/dist (index)
[Info  - 12:26:26 AM] (8090) Indexing(4) started
[Info  - 12:26:26 AM] (8090) scanned(4) 14 files over 1 exec env
[Info  - 12:26:26 AM] (8090) indexed(4) 4 files over 1 exec env
[Info  - 12:26:26 AM] (8090) Indexing finished(4).
