2023-03-09 00:18:24.861 [info] Log level: Info
2023-03-09 00:18:24.861 [info] Validating found git in: "git"
2023-03-09 00:18:24.861 [info] Using git "2.39.2" from "git"
2023-03-09 00:18:24.861 [info] > git rev-parse --show-toplevel [4ms]
2023-03-09 00:18:24.861 [info] > git rev-parse --git-dir --git-common-dir [1ms]
2023-03-09 00:18:24.861 [info] Open repository: /home/araya/Repos/ateam-builders-website
2023-03-09 00:18:24.861 [info] > git rev-parse --show-toplevel [6ms]
2023-03-09 00:18:24.861 [info] > git config --get commit.template [5ms]
2023-03-09 00:18:24.861 [info] > git rev-parse --show-toplevel [8ms]
2023-03-09 00:18:24.861 [info] > git for-each-ref --format=%(refname)%00%(upstream:short)%00%(objectname)%00%(upstream:track)%00%(upstream:remotename)%00%(upstream:remoteref) refs/heads/main refs/remotes/main [6ms]
2023-03-09 00:18:24.861 [info] > git status -z -uall [340ms]
2023-03-09 00:18:24.863 [info] > git config --get commit.template [31ms]
2023-03-09 00:18:24.891 [info] > git for-each-ref --format=%(refname)%00%(upstream:short)%00%(objectname)%00%(upstream:track)%00%(upstream:remotename)%00%(upstream:remoteref) refs/heads/main refs/remotes/main [18ms]
2023-03-09 00:18:24.899 [info] > git status -z -uall [4ms]
2023-03-09 00:18:25.279 [info] > git check-ignore -v -z --stdin [1ms]
2023-03-09 00:18:36.782 [info] > git config --local branch.main.github-pr-owner-number [40ms]
2023-03-09 00:18:36.788 [info] > git config --get commit.template [1ms]
2023-03-09 00:18:36.797 [info] > git for-each-ref --format=%(refname)%00%(upstream:short)%00%(objectname)%00%(upstream:track)%00%(upstream:remotename)%00%(upstream:remoteref) refs/heads/main refs/remotes/main [1ms]
2023-03-09 00:18:36.803 [info] > git status -z -uall [1ms]
2023-03-09 00:21:24.103 [info] > git config --get commit.template [11ms]
2023-03-09 00:21:24.104 [info] > git for-each-ref --format=%(refname)%00%(upstream:short)%00%(objectname)%00%(upstream:track)%00%(upstream:remotename)%00%(upstream:remoteref) refs/heads/main refs/remotes/main [2ms]
2023-03-09 00:21:24.114 [info] > git status -z -uall [2ms]
2023-03-09 00:23:24.983 [info] > git config --local branch.main.github-pr-owner-number [1ms]
2023-03-09 00:23:25.003 [info] > git config --get commit.template [10ms]
2023-03-09 00:23:25.004 [info] > git for-each-ref --format=%(refname)%00%(upstream:short)%00%(objectname)%00%(upstream:track)%00%(upstream:remotename)%00%(upstream:remoteref) refs/heads/main refs/remotes/main [3ms]
2023-03-09 00:23:25.012 [info] > git status -z -uall [2ms]
2023-03-09 00:24:22.218 [info] > git check-ignore -v -z --stdin [0ms]
2023-03-09 00:24:22.400 [info] > git config --get commit.template [12ms]
2023-03-09 00:24:22.401 [info] > git for-each-ref --format=%(refname)%00%(upstream:short)%00%(objectname)%00%(upstream:track)%00%(upstream:remotename)%00%(upstream:remoteref) refs/heads/main refs/remotes/main [2ms]
2023-03-09 00:24:22.414 [info] > git status -z -uall [2ms]
2023-03-09 00:24:38.028 [info] > git show --textconv :server/manage.py [6ms]
2023-03-09 00:24:38.029 [info] > git ls-files --stage -- /home/araya/Repos/ateam-builders-website/server/manage.py [1ms]
2023-03-09 00:24:38.036 [info] > git cat-file -s 0b70cbd2edae85f93b88c277d01d8b9fed9e7be5 [2ms]
2023-03-09 00:26:08.028 [info] > git show --textconv :server/manage.py [13ms]
2023-03-09 00:26:08.030 [info] > git ls-files --stage -- /home/araya/Repos/ateam-builders-website/server/manage.py [5ms]
2023-03-09 00:26:08.041 [info] > git cat-file -s 0b70cbd2edae85f93b88c277d01d8b9fed9e7be5 [1ms]
2023-03-09 00:28:25.022 [info] > git config --local branch.main.github-pr-owner-number [0ms]
2023-03-09 00:28:25.034 [info] > git config --get commit.template [6ms]
2023-03-09 00:28:25.034 [info] > git for-each-ref --format=%(refname)%00%(upstream:short)%00%(objectname)%00%(upstream:track)%00%(upstream:remotename)%00%(upstream:remoteref) refs/heads/main refs/remotes/main [1ms]
2023-03-09 00:28:25.041 [info] > git status -z -uall [1ms]
2023-03-09 00:31:15.549 [info] > git check-ignore -v -z --stdin [2ms]
2023-03-09 00:31:15.848 [info] > git config --get commit.template [13ms]
2023-03-09 00:31:15.849 [info] > git for-each-ref --format=%(refname)%00%(upstream:short)%00%(objectname)%00%(upstream:track)%00%(upstream:remotename)%00%(upstream:remoteref) refs/heads/main refs/remotes/main [2ms]
2023-03-09 00:31:15.861 [info] > git status -z -uall [2ms]
2023-03-09 00:32:45.544 [info] > git show --textconv :server/database/database.Dockerfile [8ms]
2023-03-09 00:32:45.544 [info] > git ls-files --stage -- /home/araya/Repos/ateam-builders-website/server/database/database.Dockerfile [2ms]
2023-03-09 00:32:45.551 [info] > git cat-file -s a3ffb7dd9402c48bfacdd367a2d876a47adf2907 [1ms]
2023-03-09 00:32:51.547 [info] > git show --textconv :server/database/init.sql [12ms]
2023-03-09 00:32:51.548 [info] > git ls-files --stage -- /home/araya/Repos/ateam-builders-website/server/database/init.sql [2ms]
2023-03-09 00:32:51.558 [info] > git cat-file -s 93887478a4806f8b876aa12b7c2812d48ffb472b [1ms]
2023-03-09 00:33:00.186 [info] > git show --textconv :server/server.Dockerfile [13ms]
2023-03-09 00:33:00.187 [info] > git ls-files --stage -- /home/araya/Repos/ateam-builders-website/server/server.Dockerfile [2ms]
2023-03-09 00:33:00.198 [info] > git cat-file -s 183956aa17e1c51853bbcabba758e2e5c7fcce32 [2ms]
2023-03-09 00:33:06.539 [info] > git show --textconv :docker-compose.yml [7ms]
2023-03-09 00:33:06.540 [info] > git ls-files --stage -- /home/araya/Repos/ateam-builders-website/docker-compose.yml [1ms]
2023-03-09 00:33:06.547 [info] > git cat-file -s 1605b4aeddd70375cb7d9805cfe453630cff92f0 [1ms]
2023-03-09 00:33:25.062 [info] > git config --local branch.main.github-pr-owner-number [2ms]
2023-03-09 00:33:25.089 [info] > git config --get commit.template [13ms]
2023-03-09 00:33:25.090 [info] > git for-each-ref --format=%(refname)%00%(upstream:short)%00%(objectname)%00%(upstream:track)%00%(upstream:remotename)%00%(upstream:remoteref) refs/heads/main refs/remotes/main [2ms]
2023-03-09 00:33:25.099 [info] > git status -z -uall [1ms]
2023-03-09 00:34:21.018 [info] > git show --textconv :client/.gitignore [8ms]
2023-03-09 00:34:21.019 [info] > git ls-files --stage -- /home/araya/Repos/ateam-builders-website/client/.gitignore [1ms]
2023-03-09 00:34:21.025 [info] > git cat-file -s a547bf36d8d11a4f89c59c144f24795749086dd1 [0ms]
2023-03-09 00:34:35.688 [info] > git show --textconv :server/manage.py [7ms]
2023-03-09 00:34:35.688 [info] > git ls-files --stage -- /home/araya/Repos/ateam-builders-website/server/manage.py [1ms]
2023-03-09 00:34:35.696 [info] > git cat-file -s 0b70cbd2edae85f93b88c277d01d8b9fed9e7be5 [1ms]
2023-03-09 00:34:37.430 [info] > git show --textconv :server/server/settings.py [9ms]
2023-03-09 00:34:37.431 [info] > git ls-files --stage -- /home/araya/Repos/ateam-builders-website/server/server/settings.py [1ms]
2023-03-09 00:34:37.437 [info] > git cat-file -s 12d860022be9b8faafd7bb3d9395cd19e575c069 [1ms]
2023-03-09 00:34:47.625 [info] > git check-ignore -v -z --stdin [1ms]
2023-03-09 00:37:31.891 [info] > git show --textconv :client/src/App.tsx [14ms]
2023-03-09 00:37:31.893 [info] > git ls-files --stage -- /home/araya/Repos/ateam-builders-website/client/src/App.tsx [4ms]
2023-03-09 00:37:31.908 [info] > git cat-file -s 2b7652d022d282f8bb424570b8e8f9a86f27c231 [3ms]
2023-03-09 00:38:25.109 [info] > git config --local branch.main.github-pr-owner-number [1ms]
2023-03-09 00:38:25.121 [info] > git config --get commit.template [6ms]
2023-03-09 00:38:25.122 [info] > git for-each-ref --format=%(refname)%00%(upstream:short)%00%(objectname)%00%(upstream:track)%00%(upstream:remotename)%00%(upstream:remoteref) refs/heads/main refs/remotes/main [1ms]
2023-03-09 00:38:25.128 [info] > git status -z -uall [1ms]
2023-03-09 00:39:02.011 [info] > git config --get commit.template [2ms]
2023-03-09 00:39:02.019 [info] > git for-each-ref --format=%(refname)%00%(upstream:short)%00%(objectname)%00%(upstream:track)%00%(upstream:remotename)%00%(upstream:remoteref) refs/heads/main refs/remotes/main [1ms]
2023-03-09 00:39:02.027 [info] > git status -z -uall [2ms]
2023-03-09 00:39:07.055 [info] > git config --get commit.template [11ms]
2023-03-09 00:39:07.057 [info] > git for-each-ref --format=%(refname)%00%(upstream:short)%00%(objectname)%00%(upstream:track)%00%(upstream:remotename)%00%(upstream:remoteref) refs/heads/main refs/remotes/main [2ms]
2023-03-09 00:39:07.070 [info] > git status -z -uall [3ms]
2023-03-09 00:40:13.832 [info] > git config --get commit.template [13ms]
2023-03-09 00:40:13.832 [info] > git for-each-ref --format=%(refname)%00%(upstream:short)%00%(objectname)%00%(upstream:track)%00%(upstream:remotename)%00%(upstream:remoteref) refs/heads/main refs/remotes/main [1ms]
2023-03-09 00:40:13.844 [info] > git status -z -uall [3ms]
2023-03-09 00:40:13.861 [info] > git check-ignore -v -z --stdin [1ms]
2023-03-09 00:40:23.063 [info] > git check-ignore -v -z --stdin [0ms]
2023-03-09 00:40:28.192 [info] > git config --get commit.template [12ms]
2023-03-09 00:40:28.193 [info] > git for-each-ref --format=%(refname)%00%(upstream:short)%00%(objectname)%00%(upstream:track)%00%(upstream:remotename)%00%(upstream:remoteref) refs/heads/main refs/remotes/main [2ms]
2023-03-09 00:40:28.206 [info] > git status -z -uall [3ms]
2023-03-09 00:40:46.309 [info] > git config --get commit.template [8ms]
2023-03-09 00:40:46.309 [info] > git for-each-ref --format=%(refname)%00%(upstream:short)%00%(objectname)%00%(upstream:track)%00%(upstream:remotename)%00%(upstream:remoteref) refs/heads/main refs/remotes/main [0ms]
2023-03-09 00:40:46.316 [info] > git status -z -uall [1ms]
2023-03-09 00:43:25.145 [info] > git config --local branch.main.github-pr-owner-number [2ms]
2023-03-09 00:43:25.158 [info] > git config --get commit.template [7ms]
2023-03-09 00:43:25.158 [info] > git for-each-ref --format=%(refname)%00%(upstream:short)%00%(objectname)%00%(upstream:track)%00%(upstream:remotename)%00%(upstream:remoteref) refs/heads/main refs/remotes/main [1ms]
2023-03-09 00:43:25.166 [info] > git status -z -uall [2ms]
2023-03-09 00:44:50.837 [info] > git config --get commit.template [13ms]
2023-03-09 00:44:50.837 [info] > git for-each-ref --format=%(refname)%00%(upstream:short)%00%(objectname)%00%(upstream:track)%00%(upstream:remotename)%00%(upstream:remoteref) refs/heads/main refs/remotes/main [1ms]
2023-03-09 00:44:50.849 [info] > git status -z -uall [3ms]
2023-03-09 00:44:50.879 [info] > git check-ignore -v -z --stdin [0ms]
2023-03-09 00:44:55.881 [info] > git config --get commit.template [14ms]
2023-03-09 00:44:55.882 [info] > git for-each-ref --format=%(refname)%00%(upstream:short)%00%(objectname)%00%(upstream:track)%00%(upstream:remotename)%00%(upstream:remoteref) refs/heads/main refs/remotes/main [2ms]
2023-03-09 00:44:55.895 [info] > git status -z -uall [2ms]
2023-03-09 00:47:54.509 [info] > git show --textconv :server/server.Dockerfile [7ms]
2023-03-09 00:47:54.509 [info] > git ls-files --stage -- /home/araya/Repos/ateam-builders-website/server/server.Dockerfile [1ms]
2023-03-09 00:47:54.516 [info] > git cat-file -s 183956aa17e1c51853bbcabba758e2e5c7fcce32 [1ms]
2023-03-09 00:48:01.060 [info] > git show --textconv :server/database/database.Dockerfile [15ms]
2023-03-09 00:48:01.061 [info] > git ls-files --stage -- /home/araya/Repos/ateam-builders-website/server/database/database.Dockerfile [2ms]
2023-03-09 00:48:01.074 [info] > git cat-file -s a3ffb7dd9402c48bfacdd367a2d876a47adf2907 [3ms]
2023-03-09 00:48:07.832 [info] > git show --textconv :docker-compose.yml [8ms]
2023-03-09 00:48:07.832 [info] > git ls-files --stage -- /home/araya/Repos/ateam-builders-website/docker-compose.yml [2ms]
2023-03-09 00:48:07.839 [info] > git cat-file -s 1605b4aeddd70375cb7d9805cfe453630cff92f0 [1ms]
2023-03-09 00:48:25.184 [info] > git config --local branch.main.github-pr-owner-number [2ms]
2023-03-09 00:48:25.211 [info] > git config --get commit.template [12ms]
2023-03-09 00:48:25.212 [info] > git for-each-ref --format=%(refname)%00%(upstream:short)%00%(objectname)%00%(upstream:track)%00%(upstream:remotename)%00%(upstream:remoteref) refs/heads/main refs/remotes/main [1ms]
2023-03-09 00:48:25.223 [info] > git status -z -uall [2ms]
2023-03-09 00:48:27.323 [info] > git show --textconv :server/server/settings.py [8ms]
2023-03-09 00:48:27.324 [info] > git ls-files --stage -- /home/araya/Repos/ateam-builders-website/server/server/settings.py [1ms]
2023-03-09 00:48:27.331 [info] > git cat-file -s 12d860022be9b8faafd7bb3d9395cd19e575c069 [1ms]
2023-03-09 00:48:42.111 [info] > git config --get commit.template [1ms]
2023-03-09 00:48:42.119 [info] > git for-each-ref --format=%(refname)%00%(upstream:short)%00%(objectname)%00%(upstream:track)%00%(upstream:remotename)%00%(upstream:remoteref) refs/heads/main refs/remotes/main [1ms]
2023-03-09 00:48:42.126 [info] > git status -z -uall [1ms]
2023-03-09 00:50:46.601 [info] > git show --textconv :docker-compose.yml [8ms]
2023-03-09 00:50:46.601 [info] > git ls-files --stage -- /home/araya/Repos/ateam-builders-website/docker-compose.yml [1ms]
2023-03-09 00:50:46.609 [info] > git cat-file -s 1605b4aeddd70375cb7d9805cfe453630cff92f0 [1ms]
2023-03-09 00:52:34.080 [info] > git config --get commit.template [13ms]
2023-03-09 00:52:34.081 [info] > git for-each-ref --format=%(refname)%00%(upstream:short)%00%(objectname)%00%(upstream:track)%00%(upstream:remotename)%00%(upstream:remoteref) refs/heads/main refs/remotes/main [2ms]
2023-03-09 00:52:34.095 [info] > git status -z -uall [2ms]
2023-03-09 00:53:08.572 [info] > git config --get commit.template [16ms]
2023-03-09 00:53:08.573 [info] > git for-each-ref --format=%(refname)%00%(upstream:short)%00%(objectname)%00%(upstream:track)%00%(upstream:remotename)%00%(upstream:remoteref) refs/heads/main refs/remotes/main [2ms]
2023-03-09 00:53:08.588 [info] > git status -z -uall [2ms]
2023-03-09 00:53:15.035 [info] > git config --get commit.template [14ms]
2023-03-09 00:53:15.036 [info] > git for-each-ref --format=%(refname)%00%(upstream:short)%00%(objectname)%00%(upstream:track)%00%(upstream:remotename)%00%(upstream:remoteref) refs/heads/main refs/remotes/main [2ms]
2023-03-09 00:53:15.049 [info] > git status -z -uall [2ms]
2023-03-09 00:53:25.242 [info] > git config --local branch.main.github-pr-owner-number [2ms]
2023-03-09 00:53:25.271 [info] > git config --get commit.template [14ms]
2023-03-09 00:53:25.271 [info] > git for-each-ref --format=%(refname)%00%(upstream:short)%00%(objectname)%00%(upstream:track)%00%(upstream:remotename)%00%(upstream:remoteref) refs/heads/main refs/remotes/main [1ms]
2023-03-09 00:53:25.283 [info] > git status -z -uall [1ms]
2023-03-09 00:54:05.420 [info] > git config --get commit.template [2ms]
2023-03-09 00:54:05.429 [info] > git for-each-ref --format=%(refname)%00%(upstream:short)%00%(objectname)%00%(upstream:track)%00%(upstream:remotename)%00%(upstream:remoteref) refs/heads/main refs/remotes/main [2ms]
2023-03-09 00:54:05.437 [info] > git status -z -uall [1ms]
2023-03-09 00:54:36.068 [info] > git config --get commit.template [16ms]
2023-03-09 00:54:36.069 [info] > git for-each-ref --format=%(refname)%00%(upstream:short)%00%(objectname)%00%(upstream:track)%00%(upstream:remotename)%00%(upstream:remoteref) refs/heads/main refs/remotes/main [2ms]
2023-03-09 00:54:36.084 [info] > git status -z -uall [3ms]
2023-03-09 00:56:11.407 [info] > git config --get commit.template [15ms]
2023-03-09 00:56:11.408 [info] > git for-each-ref --format=%(refname)%00%(upstream:short)%00%(objectname)%00%(upstream:track)%00%(upstream:remotename)%00%(upstream:remoteref) refs/heads/main refs/remotes/main [2ms]
2023-03-09 00:56:11.422 [info] > git status -z -uall [3ms]
2023-03-09 00:56:15.331 [info] > git ls-files --stage -- /home/araya/Repos/ateam-builders-website/server/server/settings.py [10ms]
2023-03-09 00:56:15.342 [info] > git ls-files --stage -- /home/araya/Repos/ateam-builders-website/docker-compose.yml [10ms]
2023-03-09 00:56:15.350 [info] > git cat-file -s 12d860022be9b8faafd7bb3d9395cd19e575c069 [9ms]
2023-03-09 00:56:15.351 [info] > git cat-file -s 1605b4aeddd70375cb7d9805cfe453630cff92f0 [1ms]
2023-03-09 00:56:15.367 [info] > git show --textconv :server/server/settings.py [8ms]
2023-03-09 00:56:15.367 [info] > git show --textconv :docker-compose.yml [1ms]
2023-03-09 00:56:16.443 [info] > git config --get commit.template [1ms]
2023-03-09 00:56:16.458 [info] > git for-each-ref --format=%(refname)%00%(upstream:short)%00%(objectname)%00%(upstream:track)%00%(upstream:remotename)%00%(upstream:remoteref) refs/heads/main refs/remotes/main [1ms]
2023-03-09 00:56:16.472 [info] > git status -z -uall [2ms]
2023-03-09 00:56:25.361 [info] > git config --get commit.template [9ms]
2023-03-09 00:56:25.361 [info] > git for-each-ref --format=%(refname)%00%(upstream:short)%00%(objectname)%00%(upstream:track)%00%(upstream:remotename)%00%(upstream:remoteref) refs/heads/main refs/remotes/main [0ms]
2023-03-09 00:56:25.373 [info] > git status -z -uall [3ms]
2023-03-09 00:58:25.293 [info] > git config --local branch.main.github-pr-owner-number [0ms]
2023-03-09 00:58:25.309 [info] > git config --get commit.template [8ms]
2023-03-09 00:58:25.310 [info] > git for-each-ref --format=%(refname)%00%(upstream:short)%00%(objectname)%00%(upstream:track)%00%(upstream:remotename)%00%(upstream:remoteref) refs/heads/main refs/remotes/main [1ms]
2023-03-09 00:58:25.318 [info] > git status -z -uall [1ms]
2023-03-09 00:58:29.617 [info] > git config --get commit.template [13ms]
2023-03-09 00:58:29.617 [info] > git for-each-ref --format=%(refname)%00%(upstream:short)%00%(objectname)%00%(upstream:track)%00%(upstream:remotename)%00%(upstream:remoteref) refs/heads/main refs/remotes/main [1ms]
2023-03-09 00:58:29.630 [info] > git status -z -uall [2ms]
2023-03-09 00:58:29.663 [info] > git check-ignore -v -z --stdin [2ms]
2023-03-09 00:58:34.656 [info] > git config --get commit.template [11ms]
2023-03-09 00:58:34.657 [info] > git for-each-ref --format=%(refname)%00%(upstream:short)%00%(objectname)%00%(upstream:track)%00%(upstream:remotename)%00%(upstream:remoteref) refs/heads/main refs/remotes/main [2ms]
2023-03-09 00:58:34.670 [info] > git status -z -uall [2ms]
2023-03-09 01:02:55.997 [info] > git config --get commit.template [18ms]
2023-03-09 01:02:55.998 [info] > git for-each-ref --format=%(refname)%00%(upstream:short)%00%(objectname)%00%(upstream:track)%00%(upstream:remotename)%00%(upstream:remoteref) refs/heads/main refs/remotes/main [2ms]
2023-03-09 01:02:56.010 [info] > git status -z -uall [2ms]
2023-03-09 01:03:21.469 [info] > git config --get commit.template [9ms]
2023-03-09 01:03:21.470 [info] > git for-each-ref --format=%(refname)%00%(upstream:short)%00%(objectname)%00%(upstream:track)%00%(upstream:remotename)%00%(upstream:remoteref) refs/heads/main refs/remotes/main [1ms]
2023-03-09 01:03:21.479 [info] > git status -z -uall [1ms]
2023-03-09 01:03:25.331 [info] > git config --local branch.main.github-pr-owner-number [1ms]
2023-03-09 01:03:25.348 [info] > git config --get commit.template [8ms]
2023-03-09 01:03:25.348 [info] > git for-each-ref --format=%(refname)%00%(upstream:short)%00%(objectname)%00%(upstream:track)%00%(upstream:remotename)%00%(upstream:remoteref) refs/heads/main refs/remotes/main [1ms]
2023-03-09 01:03:25.357 [info] > git status -z -uall [1ms]
2023-03-09 01:03:26.501 [info] > git config --get commit.template [9ms]
2023-03-09 01:03:26.501 [info] > git for-each-ref --format=%(refname)%00%(upstream:short)%00%(objectname)%00%(upstream:track)%00%(upstream:remotename)%00%(upstream:remoteref) refs/heads/main refs/remotes/main [1ms]
2023-03-09 01:03:26.510 [info] > git status -z -uall [1ms]
2023-03-09 01:08:25.379 [info] > git config --local branch.main.github-pr-owner-number [2ms]
2023-03-09 01:08:25.411 [info] > git config --get commit.template [16ms]
2023-03-09 01:08:25.411 [info] > git for-each-ref --format=%(refname)%00%(upstream:short)%00%(objectname)%00%(upstream:track)%00%(upstream:remotename)%00%(upstream:remoteref) refs/heads/main refs/remotes/main [1ms]
2023-03-09 01:08:25.423 [info] > git status -z -uall [2ms]
2023-03-09 01:09:08.116 [info] > git config --get commit.template [18ms]
2023-03-09 01:09:08.117 [info] > git for-each-ref --format=%(refname)%00%(upstream:short)%00%(objectname)%00%(upstream:track)%00%(upstream:remotename)%00%(upstream:remoteref) refs/heads/main refs/remotes/main [1ms]
2023-03-09 01:09:08.130 [info] > git status -z -uall [1ms]
2023-03-09 01:09:17.508 [info] > git config --get commit.template [16ms]
2023-03-09 01:09:17.509 [info] > git for-each-ref --format=%(refname)%00%(upstream:short)%00%(objectname)%00%(upstream:track)%00%(upstream:remotename)%00%(upstream:remoteref) refs/heads/main refs/remotes/main [2ms]
2023-03-09 01:09:17.522 [info] > git status -z -uall [1ms]
2023-03-09 01:10:33.599 [info] > git config --get commit.template [18ms]
2023-03-09 01:10:33.600 [info] > git for-each-ref --format=%(refname)%00%(upstream:short)%00%(objectname)%00%(upstream:track)%00%(upstream:remotename)%00%(upstream:remoteref) refs/heads/main refs/remotes/main [2ms]
2023-03-09 01:10:33.616 [info] > git status -z -uall [2ms]
2023-03-09 01:10:38.748 [info] > git config --get commit.template [15ms]
2023-03-09 01:10:38.749 [info] > git for-each-ref --format=%(refname)%00%(upstream:short)%00%(objectname)%00%(upstream:track)%00%(upstream:remotename)%00%(upstream:remoteref) refs/heads/main refs/remotes/main [2ms]
2023-03-09 01:10:38.762 [info] > git status -z -uall [2ms]
2023-03-09 01:11:28.923 [info] > git show --textconv :client/client.Dockerfile [10ms]
2023-03-09 01:11:28.924 [info] > git ls-files --stage -- /home/araya/Repos/ateam-builders-website/client/client.Dockerfile [1ms]
2023-03-09 01:11:28.934 [info] > git cat-file -s f0403dbc5b2a737bd7dc31887a8cc8c2bf74adb3 [0ms]
2023-03-09 01:12:11.970 [info] > git config --get commit.template [12ms]
2023-03-09 01:12:11.971 [info] > git for-each-ref --format=%(refname)%00%(upstream:short)%00%(objectname)%00%(upstream:track)%00%(upstream:remotename)%00%(upstream:remoteref) refs/heads/main refs/remotes/main [2ms]
2023-03-09 01:12:11.981 [info] > git status -z -uall [2ms]
2023-03-09 01:12:19.306 [info] > git config --get commit.template [13ms]
2023-03-09 01:12:19.306 [info] > git for-each-ref --format=%(refname)%00%(upstream:short)%00%(objectname)%00%(upstream:track)%00%(upstream:remotename)%00%(upstream:remoteref) refs/heads/main refs/remotes/main [1ms]
2023-03-09 01:12:19.318 [info] > git status -z -uall [2ms]
2023-03-09 01:13:25.444 [info] > git config --local branch.main.github-pr-owner-number [2ms]
2023-03-09 01:13:25.473 [info] > git config --get commit.template [13ms]
2023-03-09 01:13:25.473 [info] > git for-each-ref --format=%(refname)%00%(upstream:short)%00%(objectname)%00%(upstream:track)%00%(upstream:remotename)%00%(upstream:remoteref) refs/heads/main refs/remotes/main [1ms]
2023-03-09 01:13:25.486 [info] > git status -z -uall [2ms]
2023-03-09 01:14:39.348 [info] > git config --get commit.template [15ms]
2023-03-09 01:14:39.349 [info] > git for-each-ref --format=%(refname)%00%(upstream:short)%00%(objectname)%00%(upstream:track)%00%(upstream:remotename)%00%(upstream:remoteref) refs/heads/main refs/remotes/main [1ms]
2023-03-09 01:14:39.360 [info] > git status -z -uall [2ms]
2023-03-09 01:14:47.356 [info] > git config --get commit.template [12ms]
2023-03-09 01:14:47.357 [info] > git for-each-ref --format=%(refname)%00%(upstream:short)%00%(objectname)%00%(upstream:track)%00%(upstream:remotename)%00%(upstream:remoteref) refs/heads/main refs/remotes/main [2ms]
2023-03-09 01:14:47.369 [info] > git status -z -uall [2ms]
2023-03-09 01:14:59.191 [info] > git config --get commit.template [14ms]
2023-03-09 01:14:59.191 [info] > git for-each-ref --format=%(refname)%00%(upstream:short)%00%(objectname)%00%(upstream:track)%00%(upstream:remotename)%00%(upstream:remoteref) refs/heads/main refs/remotes/main [1ms]
2023-03-09 01:14:59.203 [info] > git status -z -uall [2ms]
2023-03-09 01:15:55.729 [info] > git config --get commit.template [17ms]
2023-03-09 01:15:55.730 [info] > git for-each-ref --format=%(refname)%00%(upstream:short)%00%(objectname)%00%(upstream:track)%00%(upstream:remotename)%00%(upstream:remoteref) refs/heads/main refs/remotes/main [2ms]
2023-03-09 01:15:55.744 [info] > git status -z -uall [2ms]
2023-03-09 01:16:09.967 [info] > git config --get commit.template [10ms]
2023-03-09 01:16:09.968 [info] > git for-each-ref --format=%(refname)%00%(upstream:short)%00%(objectname)%00%(upstream:track)%00%(upstream:remotename)%00%(upstream:remoteref) refs/heads/main refs/remotes/main [1ms]
2023-03-09 01:16:09.978 [info] > git status -z -uall [2ms]
2023-03-09 01:18:06.853 [info] > git show --textconv :client/client.Dockerfile [9ms]
2023-03-09 01:18:06.853 [info] > git ls-files --stage -- /home/araya/Repos/ateam-builders-website/client/client.Dockerfile [1ms]
2023-03-09 01:18:06.862 [info] > git cat-file -s f0403dbc5b2a737bd7dc31887a8cc8c2bf74adb3 [1ms]
2023-03-09 01:18:25.510 [info] > git config --local branch.main.github-pr-owner-number [5ms]
2023-03-09 01:18:25.523 [info] > git config --get commit.template [1ms]
2023-03-09 01:18:25.534 [info] > git for-each-ref --format=%(refname)%00%(upstream:short)%00%(objectname)%00%(upstream:track)%00%(upstream:remotename)%00%(upstream:remoteref) refs/heads/main refs/remotes/main [1ms]
2023-03-09 01:18:25.543 [info] > git status -z -uall [2ms]
2023-03-09 01:18:30.390 [info] > git config --get commit.template [11ms]
2023-03-09 01:18:30.391 [info] > git for-each-ref --format=%(refname)%00%(upstream:short)%00%(objectname)%00%(upstream:track)%00%(upstream:remotename)%00%(upstream:remoteref) refs/heads/main refs/remotes/main [2ms]
2023-03-09 01:18:30.403 [info] > git status -z -uall [2ms]
2023-03-09 01:19:11.268 [info] > git config --get commit.template [1ms]
2023-03-09 01:19:11.277 [info] > git for-each-ref --format=%(refname)%00%(upstream:short)%00%(objectname)%00%(upstream:track)%00%(upstream:remotename)%00%(upstream:remoteref) refs/heads/main refs/remotes/main [1ms]
2023-03-09 01:19:11.286 [info] > git status -z -uall [2ms]
2023-03-09 01:20:52.197 [info] > git config --get commit.template [0ms]
2023-03-09 01:20:52.206 [info] > git for-each-ref --format=%(refname)%00%(upstream:short)%00%(objectname)%00%(upstream:track)%00%(upstream:remotename)%00%(upstream:remoteref) refs/heads/main refs/remotes/main [0ms]
2023-03-09 01:20:52.216 [info] > git status -z -uall [1ms]
2023-03-09 01:22:04.339 [info] > git config --get commit.template [13ms]
2023-03-09 01:22:04.340 [info] > git for-each-ref --format=%(refname)%00%(upstream:short)%00%(objectname)%00%(upstream:track)%00%(upstream:remotename)%00%(upstream:remoteref) refs/heads/main refs/remotes/main [2ms]
2023-03-09 01:22:04.351 [info] > git status -z -uall [2ms]
2023-03-09 01:22:14.863 [info] > git config --get commit.template [18ms]
2023-03-09 01:22:14.865 [info] > git for-each-ref --format=%(refname)%00%(upstream:short)%00%(objectname)%00%(upstream:track)%00%(upstream:remotename)%00%(upstream:remoteref) refs/heads/main refs/remotes/main [3ms]
2023-03-09 01:22:14.882 [info] > git status -z -uall [4ms]
2023-03-09 01:23:25.557 [info] > git config --local branch.main.github-pr-owner-number [1ms]
2023-03-09 01:23:25.583 [info] > git config --get commit.template [16ms]
2023-03-09 01:23:25.584 [info] > git for-each-ref --format=%(refname)%00%(upstream:short)%00%(objectname)%00%(upstream:track)%00%(upstream:remotename)%00%(upstream:remoteref) refs/heads/main refs/remotes/main [1ms]
2023-03-09 01:23:25.596 [info] > git status -z -uall [2ms]
2023-03-09 01:23:59.413 [info] > git config --get commit.template [13ms]
2023-03-09 01:23:59.414 [info] > git for-each-ref --format=%(refname)%00%(upstream:short)%00%(objectname)%00%(upstream:track)%00%(upstream:remotename)%00%(upstream:remoteref) refs/heads/main refs/remotes/main [2ms]
2023-03-09 01:23:59.427 [info] > git status -z -uall [2ms]
2023-03-09 01:24:25.253 [info] > git config --get commit.template [16ms]
2023-03-09 01:24:25.254 [info] > git for-each-ref --format=%(refname)%00%(upstream:short)%00%(objectname)%00%(upstream:track)%00%(upstream:remotename)%00%(upstream:remoteref) refs/heads/main refs/remotes/main [2ms]
2023-03-09 01:24:25.266 [info] > git status -z -uall [1ms]
2023-03-09 01:24:57.345 [info] > git config --get commit.template [13ms]
2023-03-09 01:24:57.346 [info] > git for-each-ref --format=%(refname)%00%(upstream:short)%00%(objectname)%00%(upstream:track)%00%(upstream:remotename)%00%(upstream:remoteref) refs/heads/main refs/remotes/main [2ms]
2023-03-09 01:24:57.357 [info] > git status -z -uall [2ms]
2023-03-09 01:26:04.480 [info] > git config --get commit.template [14ms]
2023-03-09 01:26:04.481 [info] > git for-each-ref --format=%(refname)%00%(upstream:short)%00%(objectname)%00%(upstream:track)%00%(upstream:remotename)%00%(upstream:remoteref) refs/heads/main refs/remotes/main [2ms]
2023-03-09 01:26:04.494 [info] > git status -z -uall [2ms]
2023-03-09 01:26:04.574 [info] > git ls-files --stage -- /home/araya/Repos/ateam-builders-website/docker-compose.yml [9ms]
2023-03-09 01:26:04.581 [info] > git ls-files --stage -- /home/araya/Repos/ateam-builders-website/server/server/settings.py [24ms]
2023-03-09 01:26:04.589 [info] > git cat-file -s 7c56c322bfb0cbaeece89c2203f26656d8643657 [8ms]
2023-03-09 01:26:04.590 [info] > git ls-files --stage -- /home/araya/Repos/ateam-builders-website/client/client.Dockerfile [17ms]
2023-03-09 01:26:04.601 [info] > git cat-file -s 9e4400d11d283b95e948ee740fb8d42395f4a139 [2ms]
2023-03-09 01:26:04.601 [info] > git cat-file -s cceef42a781612ca8893f902ff81203d8d9476ab [12ms]
2023-03-09 01:26:04.626 [info] > git show --textconv :docker-compose.yml [16ms]
2023-03-09 01:26:04.626 [info] > git show --textconv :client/client.Dockerfile [8ms]
2023-03-09 01:26:04.627 [info] > git show --textconv :server/server/settings.py [1ms]
2023-03-09 01:26:22.527 [info] > git config --get commit.template [13ms]
2023-03-09 01:26:22.528 [info] > git for-each-ref --format=%(refname)%00%(upstream:short)%00%(objectname)%00%(upstream:track)%00%(upstream:remotename)%00%(upstream:remoteref) refs/heads/main refs/remotes/main [2ms]
2023-03-09 01:26:22.537 [info] > git status -z -uall [1ms]
2023-03-09 01:26:22.583 [info] > git config --local branch.main.github-pr-owner-number [2ms]
2023-03-09 01:26:22.592 [info] > git config --get commit.template [1ms]
2023-03-09 01:26:22.601 [info] > git for-each-ref --format=%(refname)%00%(upstream:short)%00%(objectname)%00%(upstream:track)%00%(upstream:remotename)%00%(upstream:remoteref) refs/heads/main refs/remotes/main [1ms]
2023-03-09 01:26:22.635 [info] > git status -z -uall [26ms]
2023-03-09 01:26:22.635 [info] > git ls-files --stage -- /home/araya/Repos/ateam-builders-website/docker-compose.yml [9ms]
2023-03-09 01:26:22.643 [info] > git ls-files --stage -- /home/araya/Repos/ateam-builders-website/server/server/settings.py [26ms]
2023-03-09 01:26:22.663 [info] > git cat-file -s cceef42a781612ca8893f902ff81203d8d9476ab [12ms]
2023-03-09 01:26:22.663 [info] > git cat-file -s 7c56c322bfb0cbaeece89c2203f26656d8643657 [20ms]
2023-03-09 01:26:22.663 [info] > git ls-files --stage -- /home/araya/Repos/ateam-builders-website/client/client.Dockerfile [29ms]
2023-03-09 01:26:22.688 [info] > git show --textconv :server/server/settings.py [9ms]
2023-03-09 01:26:22.689 [info] > git cat-file -s 9e4400d11d283b95e948ee740fb8d42395f4a139 [17ms]
2023-03-09 01:26:22.689 [info] > git show --textconv :docker-compose.yml [1ms]
2023-03-09 01:26:22.702 [info] > git show --textconv :client/client.Dockerfile [1ms]
2023-03-09 01:26:31.848 [info] > git config --get commit.template [14ms]
2023-03-09 01:26:31.848 [info] > git for-each-ref --format=%(refname)%00%(upstream:short)%00%(objectname)%00%(upstream:track)%00%(upstream:remotename)%00%(upstream:remoteref) refs/heads/main refs/remotes/main [1ms]
2023-03-09 01:26:31.861 [info] > git status -z -uall [1ms]
2023-03-09 01:26:31.907 [info] > git config --local branch.main.github-pr-owner-number [27ms]
2023-03-09 01:26:31.916 [info] > git config --get commit.template [1ms]
2023-03-09 01:26:31.952 [info] > git ls-files --stage -- /home/araya/Repos/ateam-builders-website/docker-compose.yml [9ms]
2023-03-09 01:26:31.959 [info] > git ls-files --stage -- /home/araya/Repos/ateam-builders-website/server/server/settings.py [25ms]
2023-03-09 01:26:31.967 [info] > git for-each-ref --format=%(refname)%00%(upstream:short)%00%(objectname)%00%(upstream:track)%00%(upstream:remotename)%00%(upstream:remoteref) refs/heads/main refs/remotes/main [42ms]
2023-03-09 01:26:31.976 [info] > git cat-file -s cceef42a781612ca8893f902ff81203d8d9476ab [9ms]
2023-03-09 01:26:31.976 [info] > git cat-file -s 7c56c322bfb0cbaeece89c2203f26656d8643657 [17ms]
2023-03-09 01:26:31.976 [info] > git ls-files --stage -- /home/araya/Repos/ateam-builders-website/client/client.Dockerfile [25ms]
2023-03-09 01:26:32.000 [info] > git status -z -uall [25ms]
2023-03-09 01:26:32.000 [info] > git show --textconv :server/server/settings.py [8ms]
2023-03-09 01:26:32.000 [info] > git cat-file -s 9e4400d11d283b95e948ee740fb8d42395f4a139 [16ms]
2023-03-09 01:26:32.010 [info] > git show --textconv :docker-compose.yml [10ms]
2023-03-09 01:26:32.019 [info] > git show --textconv :client/client.Dockerfile [1ms]
2023-03-09 01:27:07.726 [info] > git show --textconv :client/.gitignore [13ms]
2023-03-09 01:27:07.727 [info] > git ls-files --stage -- /home/araya/Repos/ateam-builders-website/client/.gitignore [1ms]
2023-03-09 01:27:07.737 [info] > git cat-file -s a547bf36d8d11a4f89c59c144f24795749086dd1 [0ms]
2023-03-09 01:28:07.988 [info] Log level: Info
2023-03-09 01:28:07.988 [info] Validating found git in: "git"
2023-03-09 01:28:07.988 [info] Using git "2.39.2" from "git"
