2023-03-09 00:18:23.642 [info] Added views:workbench.panel.markers.view in workbench.panel.markers
2023-03-09 00:18:23.642 [info] Added views:workbench.panel.output in workbench.panel.output
2023-03-09 00:18:23.642 [info] Added views:terminal in terminal
2023-03-09 00:18:23.642 [info] Added views:outline in workbench.view.explorer
2023-03-09 00:18:23.642 [info] Added views:workbench.scm in workbench.view.scm
2023-03-09 00:18:23.642 [info] Added views:workbench.view.search in workbench.view.search
2023-03-09 00:18:23.642 [info] Added views:timeline in workbench.view.explorer
2023-03-09 00:18:23.642 [info] Added views:workbench.explorer.fileView in workbench.view.explorer
2023-03-09 00:18:23.817 [info] Added views:pr:github,issues:github in workbench.view.extension.github-pull-requests
2023-03-09 00:18:23.819 [info] Added views:dockerContainers,dockerImages,dockerRegistries,dockerNetworks,dockerVolumes,vscode-docker.views.dockerContexts,vscode-docker.views.help in workbench.view.extension.dockerView
2023-03-09 00:18:23.819 [info] Added views:cell-tag in workbench.view.explorer
2023-03-09 00:18:24.094 [info] Added views:workbench.debug.welcome in workbench.view.debug
2023-03-09 00:18:24.117 [info] Added views:workbench.panel.repl.view in workbench.panel.repl
2023-03-09 00:18:24.429 [info] Added views:workbench.scm.repositories in workbench.view.scm
2023-03-09 00:18:25.003 [info] Added views:workbench.panel.comments in workbench.panel.comments
2023-03-09 00:18:29.098 [info] Added views:github:activePullRequest:welcome in workbench.view.extension.github-pull-request
2023-03-09 00:18:38.051 [info] Removed views:github:activePullRequest:welcome from workbench.view.extension.github-pull-request
2023-03-09 00:25:18.382 [info] Added views:workbench.views.extensions.installed,workbench.views.extensions.popular,extensions.recommendedList in workbench.view.extensions
2023-03-09 00:25:18.386 [info] Removed views:workbench.views.extensions.popular from workbench.view.extensions
2023-03-09 00:25:29.690 [info] Removed views:extensions.recommendedList,workbench.views.extensions.installed from workbench.view.extensions
2023-03-09 00:25:29.721 [info] Added views:workbench.views.extensions.marketplace in workbench.view.extensions
2023-03-09 00:26:00.619 [info] Removed views:cell-tag from workbench.view.explorer
2023-03-09 00:26:00.624 [info] Added views:cell-tag in workbench.view.extension.jupyter
2023-03-09 00:26:02.183 [info] Added views:workbench.view.testing in workbench.view.extension.test
2023-03-09 01:28:06.821 [info] Removed views:workbench.scm.repositories from workbench.view.scm
2023-03-09 01:28:06.822 [info] Removed views:workbench.view.testing from workbench.view.extension.test
2023-03-09 01:28:07.239 [info] Added views:workbench.panel.markers.view in workbench.panel.markers
2023-03-09 01:28:07.239 [info] Added views:workbench.panel.output in workbench.panel.output
2023-03-09 01:28:07.239 [info] Added views:terminal in terminal
2023-03-09 01:28:07.239 [info] Added views:outline in workbench.view.explorer
2023-03-09 01:28:07.239 [info] Added views:workbench.scm in workbench.view.scm
2023-03-09 01:28:07.239 [info] Added views:workbench.view.search in workbench.view.search
2023-03-09 01:28:07.239 [info] Added views:timeline in workbench.view.explorer
2023-03-09 01:28:07.239 [info] Added views:workbench.explorer.emptyView in workbench.view.explorer
2023-03-09 01:28:07.329 [info] Added views:workbench.debug.variablesView,workbench.debug.watchExpressionsView,workbench.debug.callStackView,workbench.debug.breakPointsView in workbench.view.debug
2023-03-09 01:28:07.569 [info] Added views:pr:github,issues:github in workbench.view.extension.github-pull-requests
2023-03-09 01:28:07.570 [info] Added views:dockerContainers,dockerImages,dockerRegistries,dockerNetworks,dockerVolumes,vscode-docker.views.dockerContexts,vscode-docker.views.help in workbench.view.extension.dockerView
2023-03-09 01:28:07.570 [info] Added views:cell-tag in workbench.view.extension.jupyter
2023-03-09 01:28:07.846 [info] Added views:workbench.panel.repl.view in workbench.panel.repl
2023-03-09 01:28:07.847 [info] Removed views:workbench.debug.breakPointsView,workbench.debug.callStackView,workbench.debug.watchExpressionsView,workbench.debug.variablesView from workbench.view.debug
2023-03-09 01:28:07.848 [info] Added views:workbench.debug.welcome in workbench.view.debug
