2023-03-09 00:18:24.377 [info] Configuration changed
2023-03-09 00:18:24.784 [info] Configuration changed
2023-03-09 00:18:24.790 [info] Configuration changed
2023-03-09 00:18:29.095 [info] Configuration changed
2023-03-09 00:21:49.781 [info] /home/araya/.config/Code/User/settings.json closed
2023-03-09 00:21:49.811 [info] Configuration changed
2023-03-09 00:21:54.759 [info] /home/araya/.config/Code/User/settings.json closed
2023-03-09 00:21:54.775 [info] Configuration changed
2023-03-09 00:24:37.797 [info] Active editor: file:///home/araya/Repos/ateam-builders-website/server/manage.py
2023-03-09 00:25:33.272 [info] /home/araya/Repos/ateam-builders-website/server/manage.py closed
2023-03-09 00:25:33.273 [info] /home/araya/Repos/ateam-builders-website/server/manage.py.git closed
2023-03-09 00:26:00.591 [info] Configuration changed
2023-03-09 00:26:00.682 [info] Configuration changed
2023-03-09 00:26:07.759 [info] Active editor: file:///home/araya/Repos/ateam-builders-website/server/manage.py
2023-03-09 00:31:18.459 [info] Active editor: file:///home/araya/Repos/ateam-builders-website/server/manage.py
2023-03-09 00:32:45.111 [info] /home/araya/Repos/ateam-builders-website/server/manage.py closed
2023-03-09 00:32:45.112 [info] /home/araya/Repos/ateam-builders-website/server/manage.py.git closed
2023-03-09 00:32:45.133 [info] Active editor: file:///home/araya/Repos/ateam-builders-website/server/database/database.Dockerfile
2023-03-09 00:32:51.301 [info] /home/araya/Repos/ateam-builders-website/server/database/database.Dockerfile closed
2023-03-09 00:32:51.302 [info] /home/araya/Repos/ateam-builders-website/server/database/database.Dockerfile.git closed
2023-03-09 00:32:51.315 [info] Active editor: file:///home/araya/Repos/ateam-builders-website/server/database/init.sql
2023-03-09 00:32:59.930 [info] /home/araya/Repos/ateam-builders-website/server/database/init.sql closed
2023-03-09 00:32:59.930 [info] /home/araya/Repos/ateam-builders-website/server/database/init.sql.git closed
2023-03-09 00:32:59.949 [info] Active editor: file:///home/araya/Repos/ateam-builders-website/server/server.Dockerfile
2023-03-09 00:33:06.303 [info] /home/araya/Repos/ateam-builders-website/server/server.Dockerfile closed
2023-03-09 00:33:06.303 [info] /home/araya/Repos/ateam-builders-website/server/server.Dockerfile.git closed
2023-03-09 00:33:06.319 [info] Active editor: file:///home/araya/Repos/ateam-builders-website/docker-compose.yml
2023-03-09 00:33:25.552 [info] /home/araya/.config/Code/User/settings.json closed
2023-03-09 00:33:25.577 [info] Configuration changed
2023-03-09 00:33:26.469 [info] /home/araya/.config/Code/User/settings.json closed
2023-03-09 00:33:26.488 [info] Configuration changed
2023-03-09 00:33:26.930 [info] /home/araya/.config/Code/User/settings.json closed
2023-03-09 00:33:26.950 [info] Configuration changed
2023-03-09 00:33:27.971 [info] /home/araya/.config/Code/User/settings.json closed
2023-03-09 00:33:27.986 [info] Configuration changed
2023-03-09 00:33:28.856 [info] /home/araya/.config/Code/User/settings.json closed
2023-03-09 00:33:28.873 [info] Configuration changed
2023-03-09 00:34:20.771 [info] /home/araya/Repos/ateam-builders-website/docker-compose.yml closed
2023-03-09 00:34:20.772 [info] /home/araya/Repos/ateam-builders-website/docker-compose.yml.git closed
2023-03-09 00:34:20.792 [info] Active editor: file:///home/araya/Repos/ateam-builders-website/client/.gitignore
2023-03-09 00:34:32.874 [info] /home/araya/Repos/ateam-builders-website/client/.gitignore closed
2023-03-09 00:34:32.875 [info] /home/araya/Repos/ateam-builders-website/client/.gitignore.git closed
2023-03-09 00:34:35.448 [info] Active editor: file:///home/araya/Repos/ateam-builders-website/server/manage.py
2023-03-09 00:34:37.190 [info] /home/araya/Repos/ateam-builders-website/server/manage.py closed
2023-03-09 00:34:37.191 [info] /home/araya/Repos/ateam-builders-website/server/manage.py.git closed
2023-03-09 00:34:37.208 [info] Active editor: file:///home/araya/Repos/ateam-builders-website/server/server/settings.py
2023-03-09 00:37:31.351 [info] /home/araya/Repos/ateam-builders-website/server/server/settings.py closed
2023-03-09 00:37:31.351 [info] /home/araya/Repos/ateam-builders-website/server/server/settings.py.git closed
2023-03-09 00:37:31.417 [info] Active editor: file:///home/araya/Repos/ateam-builders-website/client/src/App.tsx
2023-03-09 00:46:13.654 [info] /home/araya/Repos/ateam-builders-website/client/src/App.tsx closed
2023-03-09 00:46:13.655 [info] /home/araya/Repos/ateam-builders-website/client/src/App.tsx.git closed
2023-03-09 00:46:13.661 [info] Active editor: azuretools928914:/f5691c6eae9957d820fffcd1ed045f46079ac9f44a0d017e78d2a83485704e10/ateam-builders-website-server.json
2023-03-09 00:47:54.277 [info] Active editor: file:///home/araya/Repos/ateam-builders-website/server/server.Dockerfile
2023-03-09 00:48:00.808 [info] /home/araya/Repos/ateam-builders-website/server/server.Dockerfile closed
2023-03-09 00:48:00.808 [info] /home/araya/Repos/ateam-builders-website/server/server.Dockerfile.git closed
2023-03-09 00:48:00.822 [info] Active editor: file:///home/araya/Repos/ateam-builders-website/server/database/database.Dockerfile
2023-03-09 00:48:07.593 [info] /home/araya/Repos/ateam-builders-website/server/database/database.Dockerfile closed
2023-03-09 00:48:07.594 [info] /home/araya/Repos/ateam-builders-website/server/database/database.Dockerfile.git closed
2023-03-09 00:48:07.610 [info] Active editor: file:///home/araya/Repos/ateam-builders-website/docker-compose.yml
2023-03-09 00:48:27.052 [info] /home/araya/Repos/ateam-builders-website/docker-compose.yml closed
2023-03-09 00:48:27.053 [info] /home/araya/Repos/ateam-builders-website/docker-compose.yml.git closed
2023-03-09 00:48:27.086 [info] Active editor: file:///home/araya/Repos/ateam-builders-website/server/server/settings.py
2023-03-09 00:48:40.307 [info] Executing :w
2023-03-09 00:49:13.637 [info] /f5691c6eae9957d820fffcd1ed045f46079ac9f44a0d017e78d2a83485704e10/ateam-builders-website-server.json closed
2023-03-09 00:50:46.378 [info] Active editor: file:///home/araya/Repos/ateam-builders-website/docker-compose.yml
2023-03-09 00:51:50.722 [info] Active editor: file:///home/araya/Repos/ateam-builders-website/docker-compose.yml
2023-03-09 00:51:55.468 [info] Active editor: file:///home/araya/Repos/ateam-builders-website/server/server/settings.py
2023-03-09 00:52:32.424 [info] Executing :w
2023-03-09 00:53:06.688 [info] Executing :w
2023-03-09 00:54:01.192 [info] Active editor: file:///home/araya/Repos/ateam-builders-website/docker-compose.yml
2023-03-09 00:54:04.315 [info] Executing :w
2023-03-09 00:54:34.940 [info] Executing :w
2023-03-09 00:55:47.467 [info] Active editor: file:///home/araya/Repos/ateam-builders-website/server/server/settings.py
2023-03-09 00:56:10.273 [info] Executing :w
2023-03-09 01:02:42.441 [info] Active editor: file:///home/araya/Repos/ateam-builders-website/docker-compose.yml
2023-03-09 01:02:54.842 [info] Executing :w
2023-03-09 01:03:20.348 [info] Executing :w
2023-03-09 01:09:06.997 [info] Executing :w
2023-03-09 01:10:32.473 [info] Executing :w
2023-03-09 01:11:28.689 [info] Active editor: file:///home/araya/Repos/ateam-builders-website/client/client.Dockerfile
2023-03-09 01:11:36.804 [info] /home/araya/Repos/ateam-builders-website/client/client.Dockerfile closed
2023-03-09 01:11:36.805 [info] /home/araya/Repos/ateam-builders-website/client/client.Dockerfile.git closed
2023-03-09 01:11:36.808 [info] Active editor: file:///home/araya/Repos/ateam-builders-website/docker-compose.yml
2023-03-09 01:12:10.845 [info] Executing :w
2023-03-09 01:18:06.626 [info] Active editor: file:///home/araya/Repos/ateam-builders-website/client/client.Dockerfile
2023-03-09 01:18:29.244 [info] Executing :w
2023-03-09 01:20:51.090 [info] Executing :w
2023-03-09 01:22:13.738 [info] Executing :w
2023-03-09 01:23:58.278 [info] Executing :w
2023-03-09 01:24:24.124 [info] Executing :w
2023-03-09 01:27:07.495 [info] Active editor: file:///home/araya/Repos/ateam-builders-website/client/.gitignore
2023-03-09 01:27:12.747 [info] /home/araya/Repos/ateam-builders-website/client/.gitignore closed
2023-03-09 01:27:12.747 [info] /home/araya/Repos/ateam-builders-website/client/.gitignore.git closed
2023-03-09 01:27:12.752 [info] Active editor: file:///home/araya/Repos/ateam-builders-website/client/client.Dockerfile
2023-03-09 01:28:08.301 [info] Configuration changed
