2023-03-08 01:58:12.331 [info] Reading sessions from keychain...
2023-03-08 01:58:12.331 [info] Getting sessions for all scopes...
2023-03-08 01:58:12.331 [info] Got 0 sessions for ...
2023-03-08 01:58:12.331 [info] Getting sessions for user:email...
2023-03-08 01:58:12.331 [info] Got 0 sessions for user:email...
2023-03-08 01:58:12.823 [info] Getting sessions for read:user...
2023-03-08 01:58:12.823 [info] Got 0 sessions for read:user...
2023-03-08 01:58:12.839 [info] Getting sessions for all scopes...
2023-03-08 01:58:12.839 [info] Got 0 sessions for ...
2023-03-08 01:58:12.840 [info] Getting sessions for read:user,repo,user:email,workflow...
2023-03-08 01:58:12.840 [info] Got 0 sessions for read:user,repo,user:email,workflow...
2023-03-08 01:58:12.862 [info] Getting sessions for user:email...
2023-03-08 01:58:12.862 [info] Got 0 sessions for user:email...
2023-03-08 01:58:12.864 [info] Getting sessions for read:user,repo,user:email...
2023-03-08 01:58:12.864 [info] Got 0 sessions for read:user,repo,user:email...
2023-03-08 01:58:15.050 [info] Getting sessions for all scopes...
2023-03-08 01:58:15.050 [info] Got 0 sessions for ...
2023-03-08 01:58:16.664 [info] Logging in for the following scopes: user:email
2023-03-08 01:58:16.673 [info] Trying without local server... (user:email)
2023-03-08 01:58:18.337 [info] Exchanging code for token...
2023-03-08 01:58:19.186 [info] Token exchange success!
2023-03-08 01:58:19.190 [info] Getting user info...
2023-03-08 01:58:19.608 [info] Got account info!
2023-03-08 01:58:19.609 [info] Storing 1 sessions...
2023-03-08 01:58:19.635 [info] Reading sessions from keychain...
2023-03-08 01:58:19.635 [info] Stored 1 sessions!
2023-03-08 01:58:19.635 [info] Login success!
2023-03-08 01:58:19.636 [info] Getting sessions for user:email...
2023-03-08 01:58:19.638 [info] Getting sessions for user:email...
2023-03-08 01:58:19.638 [info] Getting sessions for read:user,repo,user:email,workflow...
2023-03-08 01:58:19.639 [info] Got stored sessions!
2023-03-08 01:58:19.639 [info] Got 1 verified sessions.
2023-03-08 01:58:19.639 [info] Got 1 sessions for user:email...
2023-03-08 01:58:19.639 [info] Got 1 sessions for user:email...
2023-03-08 01:58:19.639 [info] Got 0 sessions for read:user,repo,user:email,workflow...
2023-03-08 01:58:19.641 [info] Getting sessions for read:user...
2023-03-08 01:58:19.641 [info] Got 0 sessions for read:user...
2023-03-08 01:58:19.641 [info] Getting sessions for read:user,repo,user:email...
2023-03-08 01:58:19.641 [info] Got 0 sessions for read:user,repo,user:email...
2023-03-08 01:58:19.642 [info] Getting sessions for user:email...
2023-03-08 01:58:19.642 [info] Got 1 sessions for user:email...
2023-03-08 01:58:20.322 [info] Getting user info...
2023-03-08 01:58:20.818 [info] Got account info!
2023-03-08 01:58:24.177 [info] Getting sessions for read:user...
2023-03-08 01:58:24.177 [info] Got 0 sessions for read:user...
2023-03-08 01:58:24.179 [info] Getting sessions for user:email...
2023-03-08 01:58:24.179 [info] Got 1 sessions for user:email...
2023-03-08 01:58:29.754 [info] Getting sessions for all scopes...
2023-03-08 01:58:29.754 [info] Got 1 sessions for ...
2023-03-08 01:58:33.926 [info] Logging in for the following scopes: read:user repo user:email
2023-03-08 01:58:33.927 [info] Trying without local server... (read:user repo user:email)
2023-03-08 01:58:35.121 [info] Exchanging code for token...
2023-03-08 01:58:35.946 [info] Token exchange success!
2023-03-08 01:58:35.947 [info] Getting user info...
2023-03-08 01:58:36.622 [info] Got account info!
2023-03-08 01:58:36.622 [info] Storing 2 sessions...
2023-03-08 01:58:36.634 [info] Reading sessions from keychain...
2023-03-08 01:58:36.634 [info] Stored 2 sessions!
2023-03-08 01:58:36.634 [info] Login success!
2023-03-08 01:58:36.635 [info] Getting sessions for user:email...
2023-03-08 01:58:36.638 [info] Getting sessions for user:email...
2023-03-08 01:58:36.638 [info] Getting sessions for read:user,repo,user:email,workflow...
2023-03-08 01:58:36.642 [info] Got stored sessions!
2023-03-08 01:58:36.642 [info] Got 2 verified sessions.
2023-03-08 01:58:36.642 [info] Got 1 sessions for user:email...
2023-03-08 01:58:36.643 [info] Got 1 sessions for user:email...
2023-03-08 01:58:36.643 [info] Got 0 sessions for read:user,repo,user:email,workflow...
2023-03-08 01:58:36.646 [info] Getting sessions for read:user...
2023-03-08 01:58:36.646 [info] Got 0 sessions for read:user...
2023-03-08 01:58:36.646 [info] Getting sessions for read:user,repo,user:email...
2023-03-08 01:58:36.646 [info] Got 1 sessions for read:user,repo,user:email...
2023-03-08 01:58:36.680 [info] Getting sessions for user:email...
2023-03-08 01:58:36.680 [info] Got 1 sessions for user:email...
2023-03-08 01:59:35.821 [info] Getting sessions for all scopes...
2023-03-08 01:59:35.821 [info] Got 2 sessions for ...
2023-03-08 02:16:39.335 [info] Reading sessions from keychain...
2023-03-08 02:16:39.335 [info] Getting sessions for user:email...
2023-03-08 02:16:39.335 [info] Got stored sessions!
2023-03-08 02:16:39.335 [info] Got 2 verified sessions.
2023-03-08 02:16:39.335 [info] Got 1 sessions for user:email...
2023-03-08 02:16:39.335 [info] Getting sessions for all scopes...
2023-03-08 02:16:39.335 [info] Got 2 sessions for ...
2023-03-08 02:16:39.350 [info] Getting sessions for read:user,repo,user:email,workflow...
2023-03-08 02:16:39.350 [info] Got 0 sessions for read:user,repo,user:email,workflow...
2023-03-08 02:16:39.361 [info] Getting sessions for read:user,repo,user:email...
2023-03-08 02:16:39.361 [info] Got 1 sessions for read:user,repo,user:email...
2023-03-08 02:16:39.380 [info] Getting sessions for all scopes...
2023-03-08 02:16:39.380 [info] Got 2 sessions for ...
2023-03-08 02:16:40.915 [info] Getting user info...
2023-03-08 02:16:42.214 [info] Got account info!
2023-03-08 02:16:43.167 [info] Getting sessions for read:user...
2023-03-08 02:16:43.167 [info] Got 0 sessions for read:user...
2023-03-08 02:16:43.225 [info] Getting sessions for user:email...
2023-03-08 02:16:43.225 [info] Got 1 sessions for user:email...
